Performing C SOURCE FILE Test CMAKE_HAVE_LIBC_PTHREAD failed with the following output:
Change Dir: /tmp/tmp.UBqX7GRUFV/cmake-build-debug/CMakeFiles/CMakeTmp

Run Build Command(s):/usr/bin/gmake cmTC_b84be/fast && /usr/bin/gmake  -f CMakeFiles/cmTC_b84be.dir/build.make CMakeFiles/cmTC_b84be.dir/build
gmake[1]: 进入目录“/tmp/tmp.UBqX7GRUFV/cmake-build-debug/CMakeFiles/CMakeTmp”
Building C object CMakeFiles/cmTC_b84be.dir/src.c.o
/usr/bin/cc   -DCMAKE_HAVE_LIBC_PTHREAD -std=gnu11 -o CMakeFiles/cmTC_b84be.dir/src.c.o -c /tmp/tmp.UBqX7GRUFV/cmake-build-debug/CMakeFiles/CMakeTmp/src.c
Linking C executable cmTC_b84be
/usr/bin/cmake -E cmake_link_script CMakeFiles/cmTC_b84be.dir/link.txt --verbose=1
/usr/bin/cc  -DCMAKE_HAVE_LIBC_PTHREAD CMakeFiles/cmTC_b84be.dir/src.c.o -o cmTC_b84be 
/usr/bin/ld: CMakeFiles/cmTC_b84be.dir/src.c.o: in function `main':
src.c:(.text+0x2f): undefined reference to `pthread_create'
/usr/bin/ld: src.c:(.text+0x3b): undefined reference to `pthread_detach'
/usr/bin/ld: src.c:(.text+0x47): undefined reference to `pthread_cancel'
/usr/bin/ld: src.c:(.text+0x58): undefined reference to `pthread_join'
collect2: error: ld returned 1 exit status
gmake[1]: *** [CMakeFiles/cmTC_b84be.dir/build.make:106：cmTC_b84be] 错误 1
gmake[1]: 离开目录“/tmp/tmp.UBqX7GRUFV/cmake-build-debug/CMakeFiles/CMakeTmp”
gmake: *** [Makefile:140：cmTC_b84be/fast] 错误 2


Source file was:
#include <pthread.h>

void* test_func(void* data)
{
  return data;
}

int main(void)
{
  pthread_t thread;
  pthread_create(&thread, NULL, test_func, NULL);
  pthread_detach(thread);
  pthread_cancel(thread);
  pthread_join(thread, NULL);
  pthread_atfork(NULL, NULL, NULL);
  pthread_exit(NULL);

  return 0;
}

Determining if the function pthread_create exists in the pthreads failed with the following output:
Change Dir: /tmp/tmp.UBqX7GRUFV/cmake-build-debug/CMakeFiles/CMakeTmp

Run Build Command(s):/usr/bin/gmake cmTC_c090a/fast && /usr/bin/gmake  -f CMakeFiles/cmTC_c090a.dir/build.make CMakeFiles/cmTC_c090a.dir/build
gmake[1]: 进入目录“/tmp/tmp.UBqX7GRUFV/cmake-build-debug/CMakeFiles/CMakeTmp”
Building C object CMakeFiles/cmTC_c090a.dir/CheckFunctionExists.c.o
/usr/bin/cc   -DCHECK_FUNCTION_EXISTS=pthread_create -std=gnu11 -o CMakeFiles/cmTC_c090a.dir/CheckFunctionExists.c.o -c /usr/share/cmake-3.18/Modules/CheckFunctionExists.c
Linking C executable cmTC_c090a
/usr/bin/cmake -E cmake_link_script CMakeFiles/cmTC_c090a.dir/link.txt --verbose=1
/usr/bin/cc  -DCHECK_FUNCTION_EXISTS=pthread_create CMakeFiles/cmTC_c090a.dir/CheckFunctionExists.c.o -o cmTC_c090a  -lpthreads 
/usr/bin/ld: 找不到 -lpthreads
collect2: error: ld returned 1 exit status
gmake[1]: *** [CMakeFiles/cmTC_c090a.dir/build.make:106：cmTC_c090a] 错误 1
gmake[1]: 离开目录“/tmp/tmp.UBqX7GRUFV/cmake-build-debug/CMakeFiles/CMakeTmp”
gmake: *** [Makefile:140：cmTC_c090a/fast] 错误 2



